{"uuid":"5023edf2-49db-4cfc-92ef-636bfb2cfbc3","historyId":"d2db411515d1b66a3b608e6eae33eddc","testCaseId":"[engine:junit-jupiter]/[class:ru.netology.diploma.test.BuyingTourTest]/[method:shouldSuccessfulPurchaseOfTourInCreditWithValidApprovedDebitCard()]","testCaseName":"Successful purchase of a tour with payment on credit with valid APPROVED card.","fullName":"ru.netology.diploma.test.BuyingTourTest.shouldSuccessfulPurchaseOfTourInCreditWithValidApprovedDebitCard","labels":[{"name":"junit.platform.uniqueid","value":"[engine:junit-jupiter]/[class:ru.netology.diploma.test.BuyingTourTest]/[method:shouldSuccessfulPurchaseOfTourInCreditWithValidApprovedDebitCard()]"},{"name":"host","value":"DESKTOP-5THN1NT"},{"name":"thread","value":"14756@DESKTOP-5THN1NT.Test worker(1)"},{"name":"framework","value":"junit-platform"},{"name":"language","value":"java"},{"name":"package","value":"ru.netology.diploma.test.BuyingTourTest"},{"name":"testClass","value":"ru.netology.diploma.test.BuyingTourTest"},{"name":"testMethod","value":"shouldSuccessfulPurchaseOfTourInCreditWithValidApprovedDebitCard"},{"name":"suite","value":"ru.netology.diploma.test.BuyingTourTest"}],"links":[],"name":"Successful purchase of a tour with payment on credit with valid APPROVED card.","status":"broken","statusDetails":{"known":false,"muted":false,"flaky":false,"message":"FATAL: password authentication failed for user \"app\"","trace":"org.postgresql.util.PSQLException: FATAL: password authentication failed for user \"app\"\r\n\tat org.postgresql.core.v3.ConnectionFactoryImpl.doAuthentication(ConnectionFactoryImpl.java:646)\r\n\tat org.postgresql.core.v3.ConnectionFactoryImpl.tryConnect(ConnectionFactoryImpl.java:180)\r\n\tat org.postgresql.core.v3.ConnectionFactoryImpl.openConnectionImpl(ConnectionFactoryImpl.java:235)\r\n\tat org.postgresql.core.ConnectionFactory.openConnection(ConnectionFactory.java:49)\r\n\tat org.postgresql.jdbc.PgConnection.<init>(PgConnection.java:223)\r\n\tat org.postgresql.Driver.makeConnection(Driver.java:402)\r\n\tat org.postgresql.Driver.connect(Driver.java:261)\r\n\tat java.sql/java.sql.DriverManager.getConnection(DriverManager.java:677)\r\n\tat java.sql/java.sql.DriverManager.getConnection(DriverManager.java:228)\r\n\tat ru.netology.diploma.data.SQLHelper.getCoon(SQLHelper.java:17)\r\n\tat ru.netology.diploma.data.SQLHelper.getStatusLastLineCreditRequestEntity(SQLHelper.java:24)\r\n\tat ru.netology.diploma.test.BuyingTourTest.shouldSuccessfulPurchaseOfTourInCreditWithValidApprovedDebitCard(BuyingTourTest.java:74)\r\n\tat java.base/jdk.internal.reflect.NativeMethodAccessorImpl.invoke0(Native Method)\r\n\tat java.base/jdk.internal.reflect.NativeMethodAccessorImpl.invoke(NativeMethodAccessorImpl.java:62)\r\n\tat java.base/jdk.internal.reflect.DelegatingMethodAccessorImpl.invoke(DelegatingMethodAccessorImpl.java:43)\r\n\tat java.base/java.lang.reflect.Method.invoke(Method.java:566)\r\n\tat org.junit.platform.commons.util.ReflectionUtils.invokeMethod(ReflectionUtils.java:725)\r\n\tat org.junit.jupiter.engine.execution.MethodInvocation.proceed(MethodInvocation.java:60)\r\n\tat org.junit.jupiter.engine.execution.InvocationInterceptorChain$ValidatingInvocation.proceed(InvocationInterceptorChain.java:131)\r\n\tat org.junit.jupiter.api.extension.InvocationInterceptor.interceptTestMethod(InvocationInterceptor.java:118)\r\n\tat org.junit.jupiter.engine.execution.ExecutableInvoker$ReflectiveInterceptorCall.lambda$ofVoidMethod$0(ExecutableInvoker.java:115)\r\n\tat org.junit.jupiter.engine.execution.ExecutableInvoker.lambda$invoke$0(ExecutableInvoker.java:105)\r\n\tat org.junit.jupiter.engine.execution.InvocationInterceptorChain$InterceptedInvocation.proceed(InvocationInterceptorChain.java:106)\r\n\tat org.junit.jupiter.engine.extension.TimeoutExtension.intercept(TimeoutExtension.java:149)\r\n\tat org.junit.jupiter.engine.extension.TimeoutExtension.interceptTestableMethod(TimeoutExtension.java:140)\r\n\tat org.junit.jupiter.engine.extension.TimeoutExtension.interceptTestMethod(TimeoutExtension.java:84)\r\n\tat org.junit.jupiter.engine.execution.ExecutableInvoker$ReflectiveInterceptorCall.lambda$ofVoidMethod$0(ExecutableInvoker.java:115)\r\n\tat org.junit.jupiter.engine.execution.ExecutableInvoker.lambda$invoke$0(ExecutableInvoker.java:105)\r\n\tat org.junit.jupiter.engine.execution.InvocationInterceptorChain$InterceptedInvocation.proceed(InvocationInterceptorChain.java:106)\r\n\tat org.junit.jupiter.engine.execution.InvocationInterceptorChain.proceed(InvocationInterceptorChain.java:64)\r\n\tat org.junit.jupiter.engine.execution.InvocationInterceptorChain.chainAndInvoke(InvocationInterceptorChain.java:45)\r\n\tat org.junit.jupiter.engine.execution.InvocationInterceptorChain.invoke(InvocationInterceptorChain.java:37)\r\n\tat org.junit.jupiter.engine.execution.ExecutableInvoker.invoke(ExecutableInvoker.java:104)\r\n\tat org.junit.jupiter.engine.execution.ExecutableInvoker.invoke(ExecutableInvoker.java:98)\r\n\tat org.junit.jupiter.engine.descriptor.TestMethodTestDescriptor.lambda$invokeTestMethod$7(TestMethodTestDescriptor.java:214)\r\n\tat org.junit.platform.engine.support.hierarchical.ThrowableCollector.execute(ThrowableCollector.java:73)\r\n\tat org.junit.jupiter.engine.descriptor.TestMethodTestDescriptor.invokeTestMethod(TestMethodTestDescriptor.java:210)\r\n\tat org.junit.jupiter.engine.descriptor.TestMethodTestDescriptor.execute(TestMethodTestDescriptor.java:135)\r\n\tat org.junit.jupiter.engine.descriptor.TestMethodTestDescriptor.execute(TestMethodTestDescriptor.java:66)\r\n\tat org.junit.platform.engine.support.hierarchical.NodeTestTask.lambda$executeRecursively$6(NodeTestTask.java:151)\r\n\tat org.junit.platform.engine.support.hierarchical.ThrowableCollector.execute(ThrowableCollector.java:73)\r\n\tat org.junit.platform.engine.support.hierarchical.NodeTestTask.lambda$executeRecursively$8(NodeTestTask.java:141)\r\n\tat org.junit.platform.engine.support.hierarchical.Node.around(Node.java:137)\r\n\tat org.junit.platform.engine.support.hierarchical.NodeTestTask.lambda$executeRecursively$9(NodeTestTask.java:139)\r\n\tat org.junit.platform.engine.support.hierarchical.ThrowableCollector.execute(ThrowableCollector.java:73)\r\n\tat org.junit.platform.engine.support.hierarchical.NodeTestTask.executeRecursively(NodeTestTask.java:138)\r\n\tat org.junit.platform.engine.support.hierarchical.NodeTestTask.execute(NodeTestTask.java:95)\r\n\tat java.base/java.util.ArrayList.forEach(ArrayList.java:1541)\r\n\tat org.junit.platform.engine.support.hierarchical.SameThreadHierarchicalTestExecutorService.invokeAll(SameThreadHierarchicalTestExecutorService.java:41)\r\n\tat org.junit.platform.engine.support.hierarchical.NodeTestTask.lambda$executeRecursively$6(NodeTestTask.java:155)\r\n\tat org.junit.platform.engine.support.hierarchical.ThrowableCollector.execute(ThrowableCollector.java:73)\r\n\tat org.junit.platform.engine.support.hierarchical.NodeTestTask.lambda$executeRecursively$8(NodeTestTask.java:141)\r\n\tat org.junit.platform.engine.support.hierarchical.Node.around(Node.java:137)\r\n\tat org.junit.platform.engine.support.hierarchical.NodeTestTask.lambda$executeRecursively$9(NodeTestTask.java:139)\r\n\tat org.junit.platform.engine.support.hierarchical.ThrowableCollector.execute(ThrowableCollector.java:73)\r\n\tat org.junit.platform.engine.support.hierarchical.NodeTestTask.executeRecursively(NodeTestTask.java:138)\r\n\tat org.junit.platform.engine.support.hierarchical.NodeTestTask.execute(NodeTestTask.java:95)\r\n\tat java.base/java.util.ArrayList.forEach(ArrayList.java:1541)\r\n\tat org.junit.platform.engine.support.hierarchical.SameThreadHierarchicalTestExecutorService.invokeAll(SameThreadHierarchicalTestExecutorService.java:41)\r\n\tat org.junit.platform.engine.support.hierarchical.NodeTestTask.lambda$executeRecursively$6(NodeTestTask.java:155)\r\n\tat org.junit.platform.engine.support.hierarchical.ThrowableCollector.execute(ThrowableCollector.java:73)\r\n\tat org.junit.platform.engine.support.hierarchical.NodeTestTask.lambda$executeRecursively$8(NodeTestTask.java:141)\r\n\tat org.junit.platform.engine.support.hierarchical.Node.around(Node.java:137)\r\n\tat org.junit.platform.engine.support.hierarchical.NodeTestTask.lambda$executeRecursively$9(NodeTestTask.java:139)\r\n\tat org.junit.platform.engine.support.hierarchical.ThrowableCollector.execute(ThrowableCollector.java:73)\r\n\tat org.junit.platform.engine.support.hierarchical.NodeTestTask.executeRecursively(NodeTestTask.java:138)\r\n\tat org.junit.platform.engine.support.hierarchical.NodeTestTask.execute(NodeTestTask.java:95)\r\n\tat org.junit.platform.engine.support.hierarchical.SameThreadHierarchicalTestExecutorService.submit(SameThreadHierarchicalTestExecutorService.java:35)\r\n\tat org.junit.platform.engine.support.hierarchical.HierarchicalTestExecutor.execute(HierarchicalTestExecutor.java:57)\r\n\tat org.junit.platform.engine.support.hierarchical.HierarchicalTestEngine.execute(HierarchicalTestEngine.java:54)\r\n\tat org.junit.platform.launcher.core.EngineExecutionOrchestrator.execute(EngineExecutionOrchestrator.java:107)\r\n\tat org.junit.platform.launcher.core.EngineExecutionOrchestrator.execute(EngineExecutionOrchestrator.java:88)\r\n\tat org.junit.platform.launcher.core.EngineExecutionOrchestrator.lambda$execute$0(EngineExecutionOrchestrator.java:54)\r\n\tat org.junit.platform.launcher.core.EngineExecutionOrchestrator.withInterceptedStreams(EngineExecutionOrchestrator.java:67)\r\n\tat org.junit.platform.launcher.core.EngineExecutionOrchestrator.execute(EngineExecutionOrchestrator.java:52)\r\n\tat org.junit.platform.launcher.core.DefaultLauncher.execute(DefaultLauncher.java:114)\r\n\tat org.junit.platform.launcher.core.DefaultLauncher.execute(DefaultLauncher.java:86)\r\n\tat org.junit.platform.launcher.core.DefaultLauncherSession$DelegatingLauncher.execute(DefaultLauncherSession.java:86)\r\n\tat org.gradle.api.internal.tasks.testing.junitplatform.JUnitPlatformTestClassProcessor$CollectAllTestClassesExecutor.processAllTestClasses(JUnitPlatformTestClassProcessor.java:110)\r\n\tat org.gradle.api.internal.tasks.testing.junitplatform.JUnitPlatformTestClassProcessor$CollectAllTestClassesExecutor.access$000(JUnitPlatformTestClassProcessor.java:90)\r\n\tat org.gradle.api.internal.tasks.testing.junitplatform.JUnitPlatformTestClassProcessor.stop(JUnitPlatformTestClassProcessor.java:85)\r\n\tat org.gradle.api.internal.tasks.testing.SuiteTestClassProcessor.stop(SuiteTestClassProcessor.java:62)\r\n\tat java.base/jdk.internal.reflect.NativeMethodAccessorImpl.invoke0(Native Method)\r\n\tat java.base/jdk.internal.reflect.NativeMethodAccessorImpl.invoke(NativeMethodAccessorImpl.java:62)\r\n\tat java.base/jdk.internal.reflect.DelegatingMethodAccessorImpl.invoke(DelegatingMethodAccessorImpl.java:43)\r\n\tat java.base/java.lang.reflect.Method.invoke(Method.java:566)\r\n\tat org.gradle.internal.dispatch.ReflectionDispatch.dispatch(ReflectionDispatch.java:36)\r\n\tat org.gradle.internal.dispatch.ReflectionDispatch.dispatch(ReflectionDispatch.java:24)\r\n\tat org.gradle.internal.dispatch.ContextClassLoaderDispatch.dispatch(ContextClassLoaderDispatch.java:33)\r\n\tat org.gradle.internal.dispatch.ProxyDispatchAdapter$DispatchingInvocationHandler.invoke(ProxyDispatchAdapter.java:94)\r\n\tat com.sun.proxy.$Proxy2.stop(Unknown Source)\r\n\tat org.gradle.api.internal.tasks.testing.worker.TestWorker$3.run(TestWorker.java:193)\r\n\tat org.gradle.api.internal.tasks.testing.worker.TestWorker.executeAndMaintainThreadName(TestWorker.java:129)\r\n\tat org.gradle.api.internal.tasks.testing.worker.TestWorker.execute(TestWorker.java:100)\r\n\tat org.gradle.api.internal.tasks.testing.worker.TestWorker.execute(TestWorker.java:60)\r\n\tat org.gradle.process.internal.worker.child.ActionExecutionWorker.execute(ActionExecutionWorker.java:56)\r\n\tat org.gradle.process.internal.worker.child.SystemApplicationClassLoaderWorker.call(SystemApplicationClassLoaderWorker.java:113)\r\n\tat org.gradle.process.internal.worker.child.SystemApplicationClassLoaderWorker.call(SystemApplicationClassLoaderWorker.java:65)\r\n\tat worker.org.gradle.process.internal.worker.GradleWorkerMain.run(GradleWorkerMain.java:69)\r\n\tat worker.org.gradle.process.internal.worker.GradleWorkerMain.main(GradleWorkerMain.java:74)\r\n\tSuppressed: org.postgresql.util.PSQLException: FATAL: password authentication failed for user \"app\"\r\n\t\tat org.postgresql.core.v3.ConnectionFactoryImpl.doAuthentication(ConnectionFactoryImpl.java:646)\r\n\t\tat org.postgresql.core.v3.ConnectionFactoryImpl.tryConnect(ConnectionFactoryImpl.java:180)\r\n\t\tat org.postgresql.core.v3.ConnectionFactoryImpl.openConnectionImpl(ConnectionFactoryImpl.java:235)\r\n\t\tat org.postgresql.core.ConnectionFactory.openConnection(ConnectionFactory.java:49)\r\n\t\tat org.postgresql.jdbc.PgConnection.<init>(PgConnection.java:223)\r\n\t\tat org.postgresql.Driver.makeConnection(Driver.java:402)\r\n\t\tat org.postgresql.Driver.connect(Driver.java:261)\r\n\t\tat java.sql/java.sql.DriverManager.getConnection(DriverManager.java:677)\r\n\t\tat java.sql/java.sql.DriverManager.getConnection(DriverManager.java:228)\r\n\t\tat ru.netology.diploma.data.SQLHelper.getCoon(SQLHelper.java:17)\r\n\t\tat ru.netology.diploma.data.SQLHelper.cleanDatabase(SQLHelper.java:38)\r\n\t\tat ru.netology.diploma.test.BuyingTourTest.tearDownAllDatabase(BuyingTourTest.java:26)\r\n\t\tat java.base/jdk.internal.reflect.NativeMethodAccessorImpl.invoke0(Native Method)\r\n\t\tat java.base/jdk.internal.reflect.NativeMethodAccessorImpl.invoke(NativeMethodAccessorImpl.java:62)\r\n\t\tat java.base/jdk.internal.reflect.DelegatingMethodAccessorImpl.invoke(DelegatingMethodAccessorImpl.java:43)\r\n\t\tat java.base/java.lang.reflect.Method.invoke(Method.java:566)\r\n\t\tat org.junit.platform.commons.util.ReflectionUtils.invokeMethod(ReflectionUtils.java:725)\r\n\t\tat org.junit.jupiter.engine.execution.MethodInvocation.proceed(MethodInvocation.java:60)\r\n\t\tat org.junit.jupiter.engine.execution.InvocationInterceptorChain$ValidatingInvocation.proceed(InvocationInterceptorChain.java:131)\r\n\t\tat io.qameta.allure.junit5.AllureJunit5.processFixture(AllureJunit5.java:138)\r\n\t\tat io.qameta.allure.junit5.AllureJunit5.interceptAfterEachMethod(AllureJunit5.java:124)\r\n\t\tat org.junit.jupiter.engine.execution.ExecutableInvoker$ReflectiveInterceptorCall.lambda$ofVoidMethod$0(ExecutableInvoker.java:115)\r\n\t\tat org.junit.jupiter.engine.execution.ExecutableInvoker.lambda$invoke$0(ExecutableInvoker.java:105)\r\n\t\tat org.junit.jupiter.engine.execution.InvocationInterceptorChain$InterceptedInvocation.proceed(InvocationInterceptorChain.java:106)\r\n\t\tat org.junit.jupiter.engine.extension.TimeoutExtension.intercept(TimeoutExtension.java:149)\r\n\t\tat org.junit.jupiter.engine.extension.TimeoutExtension.interceptLifecycleMethod(TimeoutExtension.java:126)\r\n\t\tat org.junit.jupiter.engine.extension.TimeoutExtension.interceptAfterEachMethod(TimeoutExtension.java:108)\r\n\t\tat org.junit.jupiter.engine.execution.ExecutableInvoker$ReflectiveInterceptorCall.lambda$ofVoidMethod$0(ExecutableInvoker.java:115)\r\n\t\tat org.junit.jupiter.engine.execution.ExecutableInvoker.lambda$invoke$0(ExecutableInvoker.java:105)\r\n\t\tat org.junit.jupiter.engine.execution.InvocationInterceptorChain$InterceptedInvocation.proceed(InvocationInterceptorChain.java:106)\r\n\t\tat org.junit.jupiter.engine.execution.InvocationInterceptorChain.proceed(InvocationInterceptorChain.java:64)\r\n\t\tat org.junit.jupiter.engine.execution.InvocationInterceptorChain.chainAndInvoke(InvocationInterceptorChain.java:45)\r\n\t\tat org.junit.jupiter.engine.execution.InvocationInterceptorChain.invoke(InvocationInterceptorChain.java:37)\r\n\t\tat org.junit.jupiter.engine.execution.ExecutableInvoker.invoke(ExecutableInvoker.java:104)\r\n\t\tat org.junit.jupiter.engine.execution.ExecutableInvoker.invoke(ExecutableInvoker.java:98)\r\n\t\tat org.junit.jupiter.engine.descriptor.ClassBasedTestDescriptor.invokeMethodInExtensionContext(ClassBasedTestDescriptor.java:506)\r\n\t\tat org.junit.jupiter.engine.descriptor.ClassBasedTestDescriptor.lambda$synthesizeAfterEachMethodAdapter$22(ClassBasedTestDescriptor.java:496)\r\n\t\tat org.junit.jupiter.engine.descriptor.TestMethodTestDescriptor.lambda$invokeAfterEachMethods$10(TestMethodTestDescriptor.java:240)\r\n\t\tat org.junit.jupiter.engine.descriptor.TestMethodTestDescriptor.lambda$invokeAllAfterMethodsOrCallbacks$13(TestMethodTestDescriptor.java:273)\r\n\t\tat org.junit.platform.engine.support.hierarchical.ThrowableCollector.execute(ThrowableCollector.java:73)\r\n\t\tat org.junit.jupiter.engine.descriptor.TestMethodTestDescriptor.lambda$invokeAllAfterMethodsOrCallbacks$14(TestMethodTestDescriptor.java:273)\r\n\t\tat java.base/java.util.ArrayList.forEach(ArrayList.java:1541)\r\n\t\tat org.junit.jupiter.engine.descriptor.TestMethodTestDescriptor.invokeAllAfterMethodsOrCallbacks(TestMethodTestDescriptor.java:272)\r\n\t\tat org.junit.jupiter.engine.descriptor.TestMethodTestDescriptor.invokeAfterEachMethods(TestMethodTestDescriptor.java:238)\r\n\t\tat org.junit.jupiter.engine.descriptor.TestMethodTestDescriptor.execute(TestMethodTestDescriptor.java:139)\r\n\t\t... 62 more\r\n"},"stage":"finished","description":"","steps":[{"name":"$(\"by text: Купить в кредит\") click()","status":"passed","stage":"finished","steps":[],"attachments":[],"parameters":[],"start":1703818283101,"stop":1703818283231},{"name":"$(\"by text: Кредит по данным карты\") should have(exact text \"Кредит по данным карты\")","status":"passed","stage":"finished","steps":[],"attachments":[],"parameters":[],"start":1703818283232,"stop":1703818283285},{"name":"$(\"by text: Кредит по данным карты\") should be(visible)","status":"passed","stage":"finished","steps":[],"attachments":[],"parameters":[],"start":1703818283285,"stop":1703818283316},{"name":"$(\"[placeholder='0000 0000 0000 0000']\") set value(4444 4444 4444 4441)","status":"passed","stage":"finished","steps":[],"attachments":[],"parameters":[],"start":1703818283392,"stop":1703818283596},{"name":"$(\"h2.heading\") should be(visible)","status":"passed","stage":"finished","steps":[],"attachments":[],"parameters":[],"start":1703818283597,"stop":1703818283623},{"name":"$(\"[placeholder='08']\") set value(01)","status":"passed","stage":"finished","steps":[],"attachments":[],"parameters":[],"start":1703818283624,"stop":1703818283747},{"name":"$(\"[placeholder='22']\") set value(24)","status":"passed","stage":"finished","steps":[],"attachments":[],"parameters":[],"start":1703818283749,"stop":1703818283868},{"name":"$(\"h2.heading\") should be(visible)","status":"passed","stage":"finished","steps":[],"attachments":[],"parameters":[],"start":1703818283868,"stop":1703818283892},{"name":"$(\"[class=input__inner].findBy(text \"Владелец\")/[class=input__control]\") set value(Langworth Vernetta)","status":"passed","stage":"finished","steps":[],"attachments":[],"parameters":[],"start":1703818284228,"stop":1703818284618},{"name":"$(\"h2.heading\") should be(visible)","status":"passed","stage":"finished","steps":[],"attachments":[],"parameters":[],"start":1703818284618,"stop":1703818284647},{"name":"$(\"[placeholder='999']\") set value(801)","status":"passed","stage":"finished","steps":[],"attachments":[],"parameters":[],"start":1703818284648,"stop":1703818284781},{"name":"$(\"h2.heading\") should be(visible)","status":"passed","stage":"finished","steps":[],"attachments":[],"parameters":[],"start":1703818284782,"stop":1703818284811},{"name":"$(\"by text: Продолжить\") click()","status":"passed","stage":"finished","steps":[],"attachments":[],"parameters":[],"start":1703818284811,"stop":1703818284897},{"name":"$(\"with text: Операция одобрена Банком.\") should be([visible, 15 s.])","status":"passed","stage":"finished","steps":[],"attachments":[],"parameters":[],"start":1703818284898,"stop":1703818293150},{"name":"$(\"with text: Операция одобрена Банком.\") should have(exact text \"Операция одобрена Банком.\")","status":"passed","stage":"finished","steps":[],"attachments":[],"parameters":[],"start":1703818293150,"stop":1703818293170}],"attachments":[],"parameters":[],"start":1703818278316,"stop":1703818293360}